<?xml version="1.0" encoding="UTF-8"?>
<testng-results skipped="0" failed="0" total="1" passed="1">
  <reporter-output>
  </reporter-output>
  <suite name="Default suite" duration-ms="1630038" started-at="2015-08-24T17:16:08Z" finished-at="2015-08-24T17:43:18Z">
    <groups>
    </groups>
    <test name="Default test" duration-ms="1630038" started-at="2015-08-24T17:16:08Z" finished-at="2015-08-24T17:43:18Z">
      <class name="com.ebay.pages.EbaySearch">
        <test-method status="PASS" signature="startSelendroidServer()[pri:0, instance:com.ebay.pages.EbaySearch@776ecadb]" name="startSelendroidServer" is-config="true" duration-ms="95592" started-at="2015-08-24T22:44:33Z" finished-at="2015-08-24T22:46:08Z">
          <reporter-output>
          </reporter-output>
        </test-method> <!-- startSelendroidServer -->
        <test-method status="PASS" signature="testShouldBeAbleToEnterText()[pri:0, instance:com.ebay.pages.EbaySearch@776ecadb]" name="testShouldBeAbleToEnterText" duration-ms="354420" started-at="2015-08-24T22:46:08Z" finished-at="2015-08-24T22:52:03Z">
          <reporter-output>
          </reporter-output>
        </test-method> <!-- testShouldBeAbleToEnterText -->
        <test-method status="PASS" signature="stopSelendroidServer()[pri:0, instance:com.ebay.pages.EbaySearch@776ecadb]" name="stopSelendroidServer" is-config="true" duration-ms="1275508" started-at="2015-08-24T22:52:03Z" finished-at="2015-08-24T23:13:18Z">
          <reporter-output>
          </reporter-output>
        </test-method> <!-- stopSelendroidServer -->
      </class> <!-- com.ebay.pages.EbaySearch -->
    </test> <!-- Default test -->
  </suite> <!-- Default suite -->
</testng-results>
